Thu Mar 01 2018 21:37:21 GMT-0700 (MST): GET /
Thu Mar 01 2018 21:37:22 GMT-0700 (MST): GET /service-worker.js
Thu Mar 01 2018 21:37:29 GMT-0700 (MST): GET /service-worker.js
Thu Mar 01 2018 21:37:33 GMT-0700 (MST): GET /
Thu Mar 01 2018 21:37:35 GMT-0700 (MST): GET /service-worker.js
Thu Mar 01 2018 21:40:12 GMT-0700 (MST): GET /
Thu Mar 01 2018 21:40:13 GMT-0700 (MST): GET /service-worker.js
Thu Mar 01 2018 22:54:31 GMT-0700 (MST): GET /
Thu Mar 01 2018 22:54:32 GMT-0700 (MST): GET /service-worker.js
Thu Mar 01 2018 22:54:40 GMT-0700 (MST): GET /
Thu Mar 01 2018 22:54:41 GMT-0700 (MST): GET /service-worker.js
Fri Mar 02 2018 08:35:57 GMT-0700 (MST): GET /
Fri Mar 02 2018 08:35:58 GMT-0700 (MST): GET /service-worker.js
Fri Mar 02 2018 12:01:05 GMT-0700 (MST): GET /
Fri Mar 02 2018 12:01:06 GMT-0700 (MST): GET /service-worker.js
Fri Mar 02 2018 12:18:08 GMT-0700 (MST): GET /
Fri Mar 02 2018 12:18:09 GMT-0700 (MST): GET /service-worker.js
Fri Mar 02 2018 14:37:01 GMT-0700 (MST): GET /
Fri Mar 02 2018 14:37:01 GMT-0700 (MST): GET /favicon.ico
Fri Mar 02 2018 21:00:47 GMT-0700 (MST): GET /
Fri Mar 02 2018 21:00:48 GMT-0700 (MST): GET /service-worker.js
Fri Mar 02 2018 21:08:19 GMT-0700 (MST): GET /
Fri Mar 02 2018 21:08:20 GMT-0700 (MST): GET /service-worker.js
Fri Mar 02 2018 21:10:43 GMT-0700 (MST): GET /
Fri Mar 02 2018 21:10:44 GMT-0700 (MST): GET /service-worker.js
Fri Mar 02 2018 21:11:00 GMT-0700 (MST): GET /service-worker.js
Fri Mar 02 2018 21:11:04 GMT-0700 (MST): GET /
Fri Mar 02 2018 21:11:05 GMT-0700 (MST): GET /service-worker.js
Fri Mar 02 2018 21:11:06 GMT-0700 (MST): GET /
Fri Mar 02 2018 21:11:07 GMT-0700 (MST): GET /about
Fri Mar 02 2018 21:11:08 GMT-0700 (MST): GET /service-worker.js
Fri Mar 02 2018 21:11:08 GMT-0700 (MST): GET /
Fri Mar 02 2018 21:11:09 GMT-0700 (MST): GET /service-worker.js
Fri Mar 02 2018 21:11:09 GMT-0700 (MST): GET /about
Fri Mar 02 2018 21:11:10 GMT-0700 (MST): GET /service-worker.js
Fri Mar 02 2018 21:11:17 GMT-0700 (MST): GET /projects
Fri Mar 02 2018 21:11:18 GMT-0700 (MST): GET /service-worker.js
Fri Mar 02 2018 21:11:27 GMT-0700 (MST): GET /projectss
Fri Mar 02 2018 21:11:28 GMT-0700 (MST): GET /service-worker.js
Fri Mar 02 2018 21:11:32 GMT-0700 (MST): GET /projects
Fri Mar 02 2018 21:11:33 GMT-0700 (MST): GET /service-worker.js
Fri Mar 02 2018 21:13:24 GMT-0700 (MST): GET /
Fri Mar 02 2018 21:13:25 GMT-0700 (MST): GET /service-worker.js
Fri Mar 02 2018 21:13:33 GMT-0700 (MST): GET /service-worker.js
Fri Mar 02 2018 21:13:36 GMT-0700 (MST): GET /projects
Fri Mar 02 2018 21:13:37 GMT-0700 (MST): GET /service-worker.js
Fri Mar 02 2018 21:15:22 GMT-0700 (MST): GET /projects
Fri Mar 02 2018 21:15:23 GMT-0700 (MST): GET /service-worker.js
Fri Mar 02 2018 21:15:41 GMT-0700 (MST): GET /projects
Fri Mar 02 2018 21:15:42 GMT-0700 (MST): GET /service-worker.js
Fri Mar 02 2018 21:15:43 GMT-0700 (MST): GET /projects
Fri Mar 02 2018 21:15:44 GMT-0700 (MST): GET /service-worker.js
Fri Mar 02 2018 21:16:10 GMT-0700 (MST): GET /projects
Fri Mar 02 2018 21:16:11 GMT-0700 (MST): GET /service-worker.js
Fri Mar 02 2018 21:16:49 GMT-0700 (MST): GET /maintain
Fri Mar 02 2018 21:16:50 GMT-0700 (MST): GET /service-worker.js
Fri Mar 02 2018 21:41:25 GMT-0700 (MST): GET /
Fri Mar 02 2018 21:41:26 GMT-0700 (MST): GET /service-worker.js
Fri Mar 02 2018 21:41:32 GMT-0700 (MST): GET /projects
Fri Mar 02 2018 21:41:33 GMT-0700 (MST): GET /service-worker.js
Fri Mar 02 2018 21:42:46 GMT-0700 (MST): GET /projects
Fri Mar 02 2018 21:42:47 GMT-0700 (MST): GET /service-worker.js
Fri Mar 02 2018 21:42:50 GMT-0700 (MST): GET /about
Fri Mar 02 2018 21:42:51 GMT-0700 (MST): GET /service-worker.js
Fri Mar 02 2018 21:42:52 GMT-0700 (MST): GET /service-worker.js
Fri Mar 02 2018 21:43:26 GMT-0700 (MST): GET /projects
Fri Mar 02 2018 21:43:27 GMT-0700 (MST): GET /service-worker.js
Fri Mar 02 2018 21:43:40 GMT-0700 (MST): GET /
Fri Mar 02 2018 21:43:41 GMT-0700 (MST): GET /about
Fri Mar 02 2018 21:43:42 GMT-0700 (MST): GET /
Fri Mar 02 2018 21:43:43 GMT-0700 (MST): GET /service-worker.js
Fri Mar 02 2018 21:43:50 GMT-0700 (MST): GET /
Fri Mar 02 2018 21:43:51 GMT-0700 (MST): GET /service-worker.js
Fri Mar 02 2018 21:43:51 GMT-0700 (MST): GET /
Fri Mar 02 2018 21:43:52 GMT-0700 (MST): GET /service-worker.js
Fri Mar 02 2018 21:45:12 GMT-0700 (MST): GET /
Fri Mar 02 2018 21:45:13 GMT-0700 (MST): GET /service-worker.js
Fri Mar 02 2018 21:45:14 GMT-0700 (MST): GET /
Fri Mar 02 2018 21:45:14 GMT-0700 (MST): GET /about
Fri Mar 02 2018 21:45:15 GMT-0700 (MST): GET /
Fri Mar 02 2018 21:45:16 GMT-0700 (MST): GET /service-worker.js
Fri Mar 02 2018 21:45:45 GMT-0700 (MST): GET /
Fri Mar 02 2018 21:45:46 GMT-0700 (MST): GET /
Fri Mar 02 2018 21:45:46 GMT-0700 (MST): GET /service-worker.js
Fri Mar 02 2018 21:45:47 GMT-0700 (MST): GET /service-worker.js
Fri Mar 02 2018 21:45:54 GMT-0700 (MST): GET /
Fri Mar 02 2018 21:45:55 GMT-0700 (MST): GET /service-worker.js
Fri Mar 02 2018 21:45:59 GMT-0700 (MST): GET /
Fri Mar 02 2018 21:46:00 GMT-0700 (MST): GET /service-worker.js
Fri Mar 02 2018 21:46:01 GMT-0700 (MST): GET /projects
Fri Mar 02 2018 21:46:02 GMT-0700 (MST): GET /service-worker.js
Fri Mar 02 2018 21:46:02 GMT-0700 (MST): GET /about
Fri Mar 02 2018 21:46:03 GMT-0700 (MST): GET /
Fri Mar 02 2018 21:46:04 GMT-0700 (MST): GET /about
Fri Mar 02 2018 21:46:04 GMT-0700 (MST): GET /projects
Fri Mar 02 2018 21:46:05 GMT-0700 (MST): GET /service-worker.js
Fri Mar 02 2018 21:46:05 GMT-0700 (MST): GET /about
Fri Mar 02 2018 21:46:06 GMT-0700 (MST): GET /
Fri Mar 02 2018 21:46:07 GMT-0700 (MST): GET /service-worker.js
Fri Mar 02 2018 21:46:07 GMT-0700 (MST): GET /about
Fri Mar 02 2018 21:46:08 GMT-0700 (MST): GET /projects
Fri Mar 02 2018 21:46:09 GMT-0700 (MST): GET /service-worker.js
Fri Mar 02 2018 21:46:24 GMT-0700 (MST): GET /projects
Fri Mar 02 2018 21:46:25 GMT-0700 (MST): GET /service-worker.js
Fri Mar 02 2018 21:46:26 GMT-0700 (MST): GET /projects
Fri Mar 02 2018 21:46:27 GMT-0700 (MST): GET /about
Fri Mar 02 2018 21:46:27 GMT-0700 (MST): GET /
Fri Mar 02 2018 21:46:28 GMT-0700 (MST): GET /service-worker.js
